<?xml version="1.0" encoding="UTF-8"?>
<robot generator="Robot 2.5.5 (Jython 2.5.1 on java1.6.0_23)" generated="20110325 11:00:08.042">
<suite source="c:\users\semperos\dev\clojure\robot-framework-clowd\resources\test.txt" name="Test">
<doc/>
<metadata>
</metadata>
<kw type="setup" timeout="" name="Remote.Start Browser">
<doc>Start a new browser session and navigate to an intial URL.</doc>
<arguments>
<arg>firefox</arg>
<arg>http://localhost:8080/</arg>
</arguments>
<status status="PASS" starttime="20110325 11:00:10.594" endtime="20110325 11:00:22.529"/>
</kw>
<test critical="yes" timeout="" name="Test Keywords">
<doc/>
<kw type="kw" timeout="" name="${url} = Remote.Get Url">
<doc>Retrieve the URL of the current page</doc>
<arguments>
</arguments>
<msg timestamp="20110325 11:00:22.569" level="INFO">${url} = org.openqa.selenium.firefox.FirefoxDriver@bc22eb</msg>
<status status="PASS" starttime="20110325 11:00:22.536" endtime="20110325 11:00:22.569"/>
</kw>
<kw type="kw" timeout="" name="BuiltIn.Log">
<doc>Logs the given message with the given level.</doc>
<arguments>
<arg>${url}</arg>
</arguments>
<msg timestamp="20110325 11:00:22.578" level="INFO">org.openqa.selenium.firefox.FirefoxDriver@bc22eb</msg>
<status status="PASS" starttime="20110325 11:00:22.572" endtime="20110325 11:00:22.578"/>
</kw>
<kw type="kw" timeout="" name="Remote.Click Link">
<doc>Click a link that matches the supplied descriptor</doc>
<arguments>
<arg>text=example form</arg>
</arguments>
<status status="PASS" starttime="20110325 11:00:22.579" endtime="20110325 11:00:22.819"/>
</kw>
<kw type="kw" timeout="" name="Remote.Go Back">
<doc>Go backward in browser history</doc>
<arguments>
</arguments>
<status status="PASS" starttime="20110325 11:00:22.821" endtime="20110325 11:00:22.867"/>
</kw>
<kw type="kw" timeout="" name="Remote.Go Forward">
<doc>Go forward in browser history</doc>
<arguments>
</arguments>
<status status="PASS" starttime="20110325 11:00:22.868" endtime="20110325 11:00:22.914"/>
</kw>
<kw type="kw" timeout="" name="Remote.Execute Javascript">
<doc/>
<arguments>
<arg>alert('hello, clojure!');</arg>
</arguments>
<status status="PASS" starttime="20110325 11:00:22.917" endtime="20110325 11:00:23.003"/>
</kw>
<kw type="kw" timeout="" name="${window_count} = Remote.Get Window Count">
<doc/>
<arguments>
</arguments>
<msg timestamp="20110325 11:00:23.030" level="INFO">${window_count} = 1</msg>
<status status="PASS" starttime="20110325 11:00:23.005" endtime="20110325 11:00:23.029"/>
</kw>
<kw type="kw" timeout="" name="BuiltIn.Log">
<doc>Logs the given message with the given level.</doc>
<arguments>
<arg>${window_count}</arg>
</arguments>
<msg timestamp="20110325 11:00:23.033" level="INFO">1</msg>
<status status="PASS" starttime="20110325 11:00:23.032" endtime="20110325 11:00:23.035"/>
</kw>
<tags>
</tags>
<status status="PASS" starttime="20110325 11:00:22.532" endtime="20110325 11:00:23.036"/>
</test>
<kw type="teardown" timeout="" name="Remote.Close Browser">
<doc>Close the current browser</doc>
<arguments>
</arguments>
<status status="PASS" starttime="20110325 11:00:23.039" endtime="20110325 11:00:23.076"/>
</kw>
<status status="PASS" starttime="20110325 11:00:08.091" endtime="20110325 11:00:23.081"/>
</suite>
<statistics>
<total>
<stat pass="1" fail="0">Critical Tests</stat>
<stat pass="1" fail="0">All Tests</stat>
</total>
<tag>
</tag>
<suite>
<stat pass="1" doc="Test" fail="0">Test</stat>
</suite>
</statistics>
<errors>
</errors>
</robot>
